<?xml version="1.0" encoding="UTF-8"?>
<testsuite name="customer" tests="10" failures="1" errors="0"
	skipped="1" time="197.068">
	<properties />
	<testcase name="DeleteCusotmer" time="31.119"
		classname="customerPage.CustomerPageFull">
		<failure type="org.openqa.selenium.ElementNotVisibleException"
			message="Element is not currently visible and so may not be interacted with
Command duration or timeout: 30.14 seconds
Build info: version: &apos;2.48.2&apos;, revision: &apos;41bccdd&apos;, time: &apos;2015-10-09 19:55:52&apos;
System info: host: &apos;V7V-SEM-AIR.local&apos;, ip: &apos;1.1.6.103&apos;, os.name: &apos;Mac OS X&apos;, os.arch: &apos;x86_64&apos;, os.version: &apos;10.10.5&apos;, java.version: &apos;1.8.0_60&apos;
Driver info: org.openqa.selenium.firefox.FirefoxDriver
Capabilities [{applicationCacheEnabled=true, rotatable=false, handlesAlerts=true, databaseEnabled=true, version=35.0.1, platform=MAC, nativeEvents=false, acceptSslCerts=true, webStorageEnabled=true, locationContextEnabled=true, browserName=firefox, takesScreenshot=true, javascriptEnabled=true, cssSelectorsEnabled=true}]
Session ID: 9f0d65ad-6da0-b34e-a176-3f097c0020e8">
<![CDATA[org.openqa.selenium.ElementNotVisibleException: Element is not currently visible and so may not be interacted with
Command duration or timeout: 30.14 seconds
Build info: version: '2.48.2', revision: '41bccdd', time: '2015-10-09 19:55:52'
System info: host: 'V7V-SEM-AIR.local', ip: '1.1.6.103', os.name: 'Mac OS X', os.arch: 'x86_64', os.version: '10.10.5', java.version: '1.8.0_60'
Driver info: org.openqa.selenium.firefox.FirefoxDriver
Capabilities [{applicationCacheEnabled=true, rotatable=false, handlesAlerts=true, databaseEnabled=true, version=35.0.1, platform=MAC, nativeEvents=false, acceptSslCerts=true, webStorageEnabled=true, locationContextEnabled=true, browserName=firefox, takesScreenshot=true, javascriptEnabled=true, cssSelectorsEnabled=true}]
Session ID: 9f0d65ad-6da0-b34e-a176-3f097c0020e8
  sun.reflect.NativeConstructorAccessorImpl.newInstance0(Native Method)
  sun.reflect.NativeConstructorAccessorImpl.newInstance(NativeConstructorAccessorImpl.java:62)
  sun.reflect.DelegatingConstructorAccessorImpl.newInstance(DelegatingConstructorAccessorImpl.java:45)
  java.lang.reflect.Constructor.newInstance(Constructor.java:422)
  org.openqa.selenium.remote.ErrorHandler.createThrowable(ErrorHandler.java:206)
  org.openqa.selenium.remote.ErrorHandler.throwIfResponseFailed(ErrorHandler.java:158)
  org.openqa.selenium.remote.RemoteWebDriver.execute(RemoteWebDriver.java:647)
  org.openqa.selenium.remote.RemoteWebElement.execute(RemoteWebElement.java:326)
  org.openqa.selenium.remote.RemoteWebElement.click(RemoteWebElement.java:84)
  customerPage.CustomerPageFull.DeleteCusotmer(CustomerPageFull.java:147)
  sun.reflect.NativeMethodAccessorImpl.invoke0(Native Method)
  sun.reflect.NativeMethodAccessorImpl.invoke(NativeMethodAccessorImpl.java:62)
  sun.reflect.DelegatingMethodAccessorImpl.invoke(DelegatingMethodAccessorImpl.java:43)
  java.lang.reflect.Method.invoke(Method.java:497)
  org.testng.internal.MethodInvocationHelper.invokeMethod(MethodInvocationHelper.java:85)
  org.testng.internal.Invoker.invokeMethod(Invoker.java:639)
  org.testng.internal.Invoker.invokeTestMethod(Invoker.java:821)
  org.testng.internal.Invoker.invokeTestMethods(Invoker.java:1131)
  org.testng.internal.TestMethodWorker.invokeTestMethods(TestMethodWorker.java:124)
  org.testng.internal.TestMethodWorker.run(TestMethodWorker.java:108)
  org.testng.TestRunner.privateRun(TestRunner.java:773)
  org.testng.TestRunner.run(TestRunner.java:623)
  org.testng.SuiteRunner.runTest(SuiteRunner.java:357)
  org.testng.SuiteRunner.runSequentially(SuiteRunner.java:352)
  org.testng.SuiteRunner.privateRun(SuiteRunner.java:310)
  org.testng.SuiteRunner.run(SuiteRunner.java:259)
  org.testng.SuiteRunnerWorker.runSuite(SuiteRunnerWorker.java:52)
  org.testng.SuiteRunnerWorker.run(SuiteRunnerWorker.java:86)
  org.testng.TestNG.runSuitesSequentially(TestNG.java:1185)
  org.testng.TestNG.runSuitesLocally(TestNG.java:1110)
  org.testng.TestNG.run(TestNG.java:1018)
  org.testng.remote.RemoteTestNG.run(RemoteTestNG.java:111)
  org.testng.remote.RemoteTestNG.initAndRun(RemoteTestNG.java:204)
  org.testng.remote.RemoteTestNG.main(RemoteTestNG.java:175)
Caused by: org.openqa.selenium.ElementNotVisibleException: Element is not currently visible and so may not be interacted with
Build info: version: '2.48.2', revision: '41bccdd', time: '2015-10-09 19:55:52'
System info: host: 'V7V-SEM-AIR.local', ip: '1.1.6.103', os.name: 'Mac OS X', os.arch: 'x86_64', os.version: '10.10.5', java.version: '1.8.0_60'
Driver info: driver.version: unknown
  <anonymous class>.fxdriver.preconditions.visible(file:///var/folders/2_/_4n5mvz941d4fkblxrjtvcm80000gp/T/anonymous8189207478345547260webdriver-profile/extensions/fxdriver@googlecode.com/components/command-processor.js:9981)
  <anonymous class>.DelayedCommand.prototype.checkPreconditions_(file:///var/folders/2_/_4n5mvz941d4fkblxrjtvcm80000gp/T/anonymous8189207478345547260webdriver-profile/extensions/fxdriver@googlecode.com/components/command-processor.js:12517)
  <anonymous class>.DelayedCommand.prototype.executeInternal_/h(file:///var/folders/2_/_4n5mvz941d4fkblxrjtvcm80000gp/T/anonymous8189207478345547260webdriver-profile/extensions/fxdriver@googlecode.com/components/command-processor.js:12534)
  <anonymous class>.fxdriver.Timer.prototype.setTimeout/<.notify(file:///var/folders/2_/_4n5mvz941d4fkblxrjtvcm80000gp/T/anonymous8189207478345547260webdriver-profile/extensions/fxdriver@googlecode.com/components/command-processor.js:621)
]]>
		</failure>

	</testcase>

	<testcase name="CustomerInput" time="0.0"
		classname="customerPage.CustomerPageFull">
		<skipped />
	</testcase>

	<testcase name="mergecustomers" time="12.762"
		classname="customerPage.CustomerPageFull" />
	<testcase name="Deletecustomer_Many" time="17.833"
		classname="customerPage.CustomerPageFull" />
	<testcase name="CreateCustomer" time="22.518"
		classname="customerPage.CustomerPageFull" />
	<testcase name="ConnectMailChimp" time="34.214"
		classname="customerPage.CustomerPageFull" />
	<testcase name="ImportCustomer" time="30.636"
		classname="customerPage.CustomerPageFull" />
	<testcase name="ExportCustomer" time="15.087"
		classname="customerPage.CustomerPageFull" />
	<testcase name="BookCustomer" time="32.366"
		classname="customerPage.CustomerPageFull" />
	<testcase name="CustomerTab" time="0.533"
		classname="customerPage.CustomerPageFull" />

</testsuite>
