<?xml version="1.0" encoding="UTF-8"?>
<testsuite name="setmore" tests="2" failures="1" errors="0"
	skipped="0" time="11.059">
	<properties />
	<testcase name="execute" time="0.000" classname="logins.Setmore_login">
		<failure type="org.testng.TestNGException"
			message="
Method execute requires 1 parameters but 0 were supplied in the @Configuration annotation.">
<![CDATA[org.testng.TestNGException: 
Method execute requires 1 parameters but 0 were supplied in the @Configuration annotation.
  org.testng.internal.Parameters.checkParameterTypes(Parameters.java:191)
  org.testng.internal.Parameters.createParameters(Parameters.java:127)
  org.testng.internal.Parameters.createParameters(Parameters.java:376)
  org.testng.internal.Parameters.createConfigurationParameters(Parameters.java:84)
  org.testng.internal.Invoker.invokeConfigurations(Invoker.java:197)
  org.testng.internal.Invoker.invokeConfigurations(Invoker.java:138)
  org.testng.SuiteRunner.privateRun(SuiteRunner.java:327)
  org.testng.SuiteRunner.run(SuiteRunner.java:259)
  org.testng.SuiteRunnerWorker.runSuite(SuiteRunnerWorker.java:52)
  org.testng.SuiteRunnerWorker.run(SuiteRunnerWorker.java:86)
  org.testng.TestNG.runSuitesSequentially(TestNG.java:1185)
  org.testng.TestNG.runSuitesLocally(TestNG.java:1110)
  org.testng.TestNG.run(TestNG.java:1018)
  org.testng.remote.RemoteTestNG.run(RemoteTestNG.java:111)
  org.testng.remote.RemoteTestNG.initAndRun(RemoteTestNG.java:204)
  org.testng.remote.RemoteTestNG.main(RemoteTestNG.java:175)
]]>
		</failure>

	</testcase>


	<testcase name="SetmoreLogin" time="11.059" classname="logins.Setmore_login" />

</testsuite>
