<?xml version="1.0" encoding="UTF-8"?>
<!-- Generated by org.testng.reporters.JUnitReportReporter -->
<testsuite hostname="V7V-SEM-AIR.local" name="Appium.create_account" tests="2" failures="0" timestamp="24 Dec 2015 10:35:30 GMT" time="36.447" errors="1">
  <testcase name="CreateAccount" time="23.518" classname="Appium.create_account"/>
  <testcase name="firstPage" time="12.929" classname="Appium.create_account">
    <error type="org.openqa.selenium.UnsupportedCommandException" message="Missing parameters: [&quot;selector&quot;]
Command duration or timeout: 11 milliseconds
Build info: version: &#039;2.45.0&#039;, revision: &#039;32a636c&#039;, time: &#039;2015-03-05 22:01:35&#039;
System info: host: &#039;V7V-SEM-AIR.local&#039;, ip: &#039;1.1.6.103&#039;, os.name: &#039;Mac OS X&#039;, os.arch: &#039;x86_64&#039;, os.version: &#039;10.10.5&#039;, java.version: &#039;1.8.0_60&#039;
Driver info: org.openqa.selenium.remote.RemoteWebDriver
Capabilities [{appPackage=com.adaptavant.setmore, networkConnectionEnabled=true, warnings={}, databaseEnabled=false, deviceName=9396aa06, platform=LINUX, appActivity=com.adaptavant.setmore.ui.StartActivity, desired={appPackage=com.adaptavant.setmore, appActivity=com.adaptavant.setmore.ui.StartActivity, BROWSER_NAME=Android, VERSION=5.1, platformName=Android, deviceName=9396aa06}, platformVersion=5.1.1, BROWSER_NAME=Android, webStorageEnabled=false, locationContextEnabled=false, VERSION=5.1, browserName=Android, takesScreenshot=true, javascriptEnabled=true, platformName=Android}]
Session ID: c528f772-ea37-436c-9b6f-c7b841e961b9
*** Element info: {Using=id, value=}">
      <![CDATA[org.openqa.selenium.UnsupportedCommandException: Missing parameters: ["selector"]
Command duration or timeout: 11 milliseconds
Build info: version: '2.45.0', revision: '32a636c', time: '2015-03-05 22:01:35'
System info: host: 'V7V-SEM-AIR.local', ip: '1.1.6.103', os.name: 'Mac OS X', os.arch: 'x86_64', os.version: '10.10.5', java.version: '1.8.0_60'
Driver info: org.openqa.selenium.remote.RemoteWebDriver
Capabilities [{appPackage=com.adaptavant.setmore, networkConnectionEnabled=true, warnings={}, databaseEnabled=false, deviceName=9396aa06, platform=LINUX, appActivity=com.adaptavant.setmore.ui.StartActivity, desired={appPackage=com.adaptavant.setmore, appActivity=com.adaptavant.setmore.ui.StartActivity, BROWSER_NAME=Android, VERSION=5.1, platformName=Android, deviceName=9396aa06}, platformVersion=5.1.1, BROWSER_NAME=Android, webStorageEnabled=false, locationContextEnabled=false, VERSION=5.1, browserName=Android, takesScreenshot=true, javascriptEnabled=true, platformName=Android}]
Session ID: c528f772-ea37-436c-9b6f-c7b841e961b9
*** Element info: {Using=id, value=}
	at sun.reflect.NativeConstructorAccessorImpl.newInstance0(Native Method)
	at sun.reflect.NativeConstructorAccessorImpl.newInstance(NativeConstructorAccessorImpl.java:62)
	at sun.reflect.DelegatingConstructorAccessorImpl.newInstance(DelegatingConstructorAccessorImpl.java:45)
	at java.lang.reflect.Constructor.newInstance(Constructor.java:422)
	at org.openqa.selenium.remote.ErrorHandler.createThrowable(ErrorHandler.java:204)
	at org.openqa.selenium.remote.ErrorHandler.throwIfResponseFailed(ErrorHandler.java:156)
	at org.openqa.selenium.remote.RemoteWebDriver.execute(RemoteWebDriver.java:599)
	at org.openqa.selenium.remote.RemoteWebDriver.findElement(RemoteWebDriver.java:352)
	at org.openqa.selenium.remote.RemoteWebDriver.findElementById(RemoteWebDriver.java:393)
	at org.openqa.selenium.By$ById.findElement(By.java:214)
	at org.openqa.selenium.remote.RemoteWebDriver.findElement(RemoteWebDriver.java:344)
	at Appium.create_account.firstPage(create_account.java:67)
	at sun.reflect.NativeMethodAccessorImpl.invoke0(Native Method)
	at sun.reflect.NativeMethodAccessorImpl.invoke(NativeMethodAccessorImpl.java:62)
	at sun.reflect.DelegatingMethodAccessorImpl.invoke(DelegatingMethodAccessorImpl.java:43)
	at java.lang.reflect.Method.invoke(Method.java:497)
	at org.testng.internal.MethodInvocationHelper.invokeMethod(MethodInvocationHelper.java:85)
	at org.testng.internal.Invoker.invokeMethod(Invoker.java:639)
	at org.testng.internal.Invoker.invokeTestMethod(Invoker.java:816)
	at org.testng.internal.Invoker.invokeTestMethods(Invoker.java:1124)
	at org.testng.internal.TestMethodWorker.invokeTestMethods(TestMethodWorker.java:125)
	at org.testng.internal.TestMethodWorker.run(TestMethodWorker.java:108)
	at org.testng.TestRunner.privateRun(TestRunner.java:774)
	at org.testng.TestRunner.run(TestRunner.java:624)
	at org.testng.SuiteRunner.runTest(SuiteRunner.java:359)
	at org.testng.SuiteRunner.runSequentially(SuiteRunner.java:354)
	at org.testng.SuiteRunner.privateRun(SuiteRunner.java:312)
	at org.testng.SuiteRunner.run(SuiteRunner.java:261)
	at org.testng.SuiteRunnerWorker.runSuite(SuiteRunnerWorker.java:52)
	at org.testng.SuiteRunnerWorker.run(SuiteRunnerWorker.java:86)
	at org.testng.TestNG.runSuitesSequentially(TestNG.java:1215)
	at org.testng.TestNG.runSuitesLocally(TestNG.java:1140)
	at org.testng.TestNG.run(TestNG.java:1048)
	at org.testng.remote.RemoteTestNG.run(RemoteTestNG.java:112)
	at org.testng.remote.RemoteTestNG.initAndRun(RemoteTestNG.java:205)
	at org.testng.remote.RemoteTestNG.main(RemoteTestNG.java:176)
]]>
    </error>
  </testcase> <!-- firstPage -->
</testsuite> <!-- Appium.create_account -->
