<?xml version="1.0" encoding="UTF-8"?>
<!-- Generated by org.testng.reporters.JUnitReportReporter -->
<testsuite hostname="V7V-SEM-AIR.local" name="Appium.iOS_Login"
	tests="1" failures="0" timestamp="27 Dec 2015 05:31:01 GMT" time="0.002"
	errors="1">
	<testcase name="SetMoreLogin" time="0.002" classname="Appium.iOS_Login">
		<error type="org.openqa.selenium.SessionNotCreatedException"
			message="A new session could not be created. (Original error: Could not find a device to launch. You requested &#039;iPad 2 (8.4 Simulator) [F057C22A-3FD2-42B9-9FDE-B07A70B3BEEC]  (8.1 Simulator)&#039;, but the available devices were: [&quot;iPad 2 (8.4 Simulator) [F057C22A-3FD2-42B9-9FDE-B07A70B3BEEC]&quot;,&quot;iPad Air (8.4 Simulator) [F45A801C-4A1D-4AA7-B815-1059207007E8]&quot;,&quot;iPad Retina (8.4 Simulator) [C3640F67-1348-4F4A-9EFE-C4544A22435D]&quot;,&quot;iPhone 4s (8.4 Simulator) [339F7CE6-DA1A-4232-9B55-15E212F180AB]&quot;,&quot;iPhone 5 (8.4 Simulator) [01F902C3-391C-4B12-B7FC-0D2130850E53]&quot;,&quot;iPhone 5s (8.4 Simulator) [C2A45A98-F642-4EC8-BF02-1B8DB577AA21]&quot;,&quot;iPhone 6 (8.4 Simulator) [62FB9B7B-E5AD-4B09-A6BA-2A49D78C1962]&quot;,&quot;iPhone 6 Plus (8.4 Simulator) [35ACFC48-B3DA-4CBF-8B3B-3011FC40F928]&quot;]) (WARNING: The server did not provide any stacktrace information)
Command duration or timeout: 2.23 seconds
Build info: version: &#039;2.45.0&#039;, revision: &#039;32a636c&#039;, time: &#039;2015-03-05 22:01:35&#039;
System info: host: &#039;V7V-SEM-AIR.local&#039;, ip: &#039;127.0.0.1&#039;, os.name: &#039;Mac OS X&#039;, os.arch: &#039;x86_64&#039;, os.version: &#039;10.10.5&#039;, java.version: &#039;1.8.0_60&#039;
Driver info: org.openqa.selenium.remote.RemoteWebDriver">
      <![CDATA[org.openqa.selenium.SessionNotCreatedException: A new session could not be created. (Original error: Could not find a device to launch. You requested 'iPad 2 (8.4 Simulator) [F057C22A-3FD2-42B9-9FDE-B07A70B3BEEC]  (8.1 Simulator)', but the available devices were: ["iPad 2 (8.4 Simulator) [F057C22A-3FD2-42B9-9FDE-B07A70B3BEEC]","iPad Air (8.4 Simulator) [F45A801C-4A1D-4AA7-B815-1059207007E8]","iPad Retina (8.4 Simulator) [C3640F67-1348-4F4A-9EFE-C4544A22435D]","iPhone 4s (8.4 Simulator) [339F7CE6-DA1A-4232-9B55-15E212F180AB]","iPhone 5 (8.4 Simulator) [01F902C3-391C-4B12-B7FC-0D2130850E53]","iPhone 5s (8.4 Simulator) [C2A45A98-F642-4EC8-BF02-1B8DB577AA21]","iPhone 6 (8.4 Simulator) [62FB9B7B-E5AD-4B09-A6BA-2A49D78C1962]","iPhone 6 Plus (8.4 Simulator) [35ACFC48-B3DA-4CBF-8B3B-3011FC40F928]"]) (WARNING: The server did not provide any stacktrace information)
Command duration or timeout: 2.23 seconds
Build info: version: '2.45.0', revision: '32a636c', time: '2015-03-05 22:01:35'
System info: host: 'V7V-SEM-AIR.local', ip: '127.0.0.1', os.name: 'Mac OS X', os.arch: 'x86_64', os.version: '10.10.5', java.version: '1.8.0_60'
Driver info: org.openqa.selenium.remote.RemoteWebDriver
	at sun.reflect.NativeConstructorAccessorImpl.newInstance0(Native Method)
	at sun.reflect.NativeConstructorAccessorImpl.newInstance(NativeConstructorAccessorImpl.java:62)
	at sun.reflect.DelegatingConstructorAccessorImpl.newInstance(DelegatingConstructorAccessorImpl.java:45)
	at java.lang.reflect.Constructor.newInstance(Constructor.java:422)
	at org.openqa.selenium.remote.ErrorHandler.createThrowable(ErrorHandler.java:204)
	at org.openqa.selenium.remote.ErrorHandler.throwIfResponseFailed(ErrorHandler.java:156)
	at org.openqa.selenium.remote.RemoteWebDriver.execute(RemoteWebDriver.java:599)
	at org.openqa.selenium.remote.RemoteWebDriver.startSession(RemoteWebDriver.java:240)
	at org.openqa.selenium.remote.RemoteWebDriver.<init>(RemoteWebDriver.java:126)
	at org.openqa.selenium.remote.RemoteWebDriver.<init>(RemoteWebDriver.java:153)
	at Appium.iOS_Login.setUp(iOS_Login.java:39)
	at sun.reflect.NativeMethodAccessorImpl.invoke0(Native Method)
	at sun.reflect.NativeMethodAccessorImpl.invoke(NativeMethodAccessorImpl.java:62)
	at sun.reflect.DelegatingMethodAccessorImpl.invoke(DelegatingMethodAccessorImpl.java:43)
	at java.lang.reflect.Method.invoke(Method.java:497)
	at org.testng.internal.MethodInvocationHelper.invokeMethod(MethodInvocationHelper.java:85)
	at org.testng.internal.Invoker.invokeConfigurationMethod(Invoker.java:510)
	at org.testng.internal.Invoker.invokeConfigurations(Invoker.java:211)
	at org.testng.internal.Invoker.invokeConfigurations(Invoker.java:138)
	at org.testng.internal.TestMethodWorker.invokeBeforeClassMethods(TestMethodWorker.java:170)
	at org.testng.internal.TestMethodWorker.run(TestMethodWorker.java:104)
	at org.testng.TestRunner.privateRun(TestRunner.java:774)
	at org.testng.TestRunner.run(TestRunner.java:624)
	at org.testng.SuiteRunner.runTest(SuiteRunner.java:359)
	at org.testng.SuiteRunner.runSequentially(SuiteRunner.java:354)
	at org.testng.SuiteRunner.privateRun(SuiteRunner.java:312)
	at org.testng.SuiteRunner.run(SuiteRunner.java:261)
	at org.testng.SuiteRunnerWorker.runSuite(SuiteRunnerWorker.java:52)
	at org.testng.SuiteRunnerWorker.run(SuiteRunnerWorker.java:86)
	at org.testng.TestNG.runSuitesSequentially(TestNG.java:1215)
	at org.testng.TestNG.runSuitesLocally(TestNG.java:1140)
	at org.testng.TestNG.run(TestNG.java:1048)
	at org.testng.remote.RemoteTestNG.run(RemoteTestNG.java:112)
	at org.testng.remote.RemoteTestNG.initAndRun(RemoteTestNG.java:205)
	at org.testng.remote.RemoteTestNG.main(RemoteTestNG.java:176)
]]>
		</error>
	</testcase> <!-- SetMoreLogin -->
</testsuite> <!-- Appium.iOS_Login -->
