<?xml version="1.0" encoding="UTF-8"?>
<!-- Generated by org.testng.reporters.JUnitReportReporter -->
<testsuite hostname="V7V-SEM-AIR.local" name="AppiumiOS.Testabc"
	tests="1" failures="0" timestamp="8 Feb 2016 12:28:56 GMT" time="0.001"
	errors="1">
	<testcase name="testiOS" time="0.001" classname="AppiumiOS.Testabc">
		<error type="org.openqa.selenium.SessionNotCreatedException"
			message="A new session could not be created. (Original error: Could not find a device to launch. You requested &#039;iPad 2 (9.0) [E677851A-D20D-4E64-8C11-DD1408EAA4CD (9.2)&#039;, but the available devices were: [&quot;iPad 2 (9.0) [E677851A-D20D-4E64-8C11-DD1408EAA4CD]&quot;,&quot;iPad Air (9.0) [BB234846-E5C6-48EF-9A77-49298B78F918]&quot;,&quot;iPad Air 2 (9.0) [8B1AC438-0A7D-4D16-8EC6-5E30152D7936]&quot;,&quot;iPad Retina (9.0) [F9FA8253-D58C-4155-8163-442558E034B0]&quot;,&quot;iPhone 4s (9.0) [419FD2A2-4414-40A8-BDAF-3CFD432D6DF8]&quot;,&quot;iPhone 5 (9.0) [18EA4C97-9A60-4D65-9040-5825266B1587]&quot;,&quot;iPhone 5s (9.0) [6FB27428-7FB8-44B4-B000-F4EF0FDA35B0]&quot;,&quot;iPhone 6 (9.0) [E6C784EF-FA4F-485C-8635-E2DF92763191]&quot;,&quot;iPhone 6 (9.0) + Apple Watch - 38mm (2.0) [F00D8B13-2AEE-4C5E-84CD-D6A9D965D68D]&quot;,&quot;iPhone 6 Plus (9.0) [14C8784D-4215-4696-8E07-1E1503CDC9D0]&quot;,&quot;iPhone 6 Plus (9.0) + Apple Watch - 42mm (2.0) [1CF1A1C7-6612-4447-9477-C68C8C47BA2C]&quot;,&quot;iPhone 6s (9.0) [EF93EBD1-C6F8-43F9-988E-5FC8B1EAC084]&quot;,&quot;iPhone 6s Plus (9.0) [879D0EC7-A287-443F-89B2-3705F1D2CE31]&quot;]) (WARNING: The server did not provide any stacktrace information)
Command duration or timeout: 2.21 seconds
Build info: version: &#039;2.48.2&#039;, revision: &#039;41bccdd&#039;, time: &#039;2015-10-09 19:55:52&#039;
System info: host: &#039;V7V-SEM-AIR.local&#039;, ip: &#039;1.1.6.103&#039;, os.name: &#039;Mac OS X&#039;, os.arch: &#039;x86_64&#039;, os.version: &#039;10.10.5&#039;, java.version: &#039;1.8.0_60&#039;
Driver info: io.appium.java_client.ios.IOSDriver">
      <![CDATA[org.openqa.selenium.SessionNotCreatedException: A new session could not be created. (Original error: Could not find a device to launch. You requested 'iPad 2 (9.0) [E677851A-D20D-4E64-8C11-DD1408EAA4CD (9.2)', but the available devices were: ["iPad 2 (9.0) [E677851A-D20D-4E64-8C11-DD1408EAA4CD]","iPad Air (9.0) [BB234846-E5C6-48EF-9A77-49298B78F918]","iPad Air 2 (9.0) [8B1AC438-0A7D-4D16-8EC6-5E30152D7936]","iPad Retina (9.0) [F9FA8253-D58C-4155-8163-442558E034B0]","iPhone 4s (9.0) [419FD2A2-4414-40A8-BDAF-3CFD432D6DF8]","iPhone 5 (9.0) [18EA4C97-9A60-4D65-9040-5825266B1587]","iPhone 5s (9.0) [6FB27428-7FB8-44B4-B000-F4EF0FDA35B0]","iPhone 6 (9.0) [E6C784EF-FA4F-485C-8635-E2DF92763191]","iPhone 6 (9.0) + Apple Watch - 38mm (2.0) [F00D8B13-2AEE-4C5E-84CD-D6A9D965D68D]","iPhone 6 Plus (9.0) [14C8784D-4215-4696-8E07-1E1503CDC9D0]","iPhone 6 Plus (9.0) + Apple Watch - 42mm (2.0) [1CF1A1C7-6612-4447-9477-C68C8C47BA2C]","iPhone 6s (9.0) [EF93EBD1-C6F8-43F9-988E-5FC8B1EAC084]","iPhone 6s Plus (9.0) [879D0EC7-A287-443F-89B2-3705F1D2CE31]"]) (WARNING: The server did not provide any stacktrace information)
Command duration or timeout: 2.21 seconds
Build info: version: '2.48.2', revision: '41bccdd', time: '2015-10-09 19:55:52'
System info: host: 'V7V-SEM-AIR.local', ip: '1.1.6.103', os.name: 'Mac OS X', os.arch: 'x86_64', os.version: '10.10.5', java.version: '1.8.0_60'
Driver info: io.appium.java_client.ios.IOSDriver
	at sun.reflect.NativeConstructorAccessorImpl.newInstance0(Native Method)
	at sun.reflect.NativeConstructorAccessorImpl.newInstance(NativeConstructorAccessorImpl.java:62)
	at sun.reflect.DelegatingConstructorAccessorImpl.newInstance(DelegatingConstructorAccessorImpl.java:45)
	at java.lang.reflect.Constructor.newInstance(Constructor.java:422)
	at org.openqa.selenium.remote.ErrorHandler.createThrowable(ErrorHandler.java:206)
	at org.openqa.selenium.remote.ErrorHandler.throwIfResponseFailed(ErrorHandler.java:158)
	at org.openqa.selenium.remote.RemoteWebDriver.execute(RemoteWebDriver.java:647)
	at io.appium.java_client.AppiumDriver.execute(AppiumDriver.java:176)
	at org.openqa.selenium.remote.RemoteWebDriver.startSession(RemoteWebDriver.java:247)
	at org.openqa.selenium.remote.RemoteWebDriver.<init>(RemoteWebDriver.java:129)
	at org.openqa.selenium.remote.RemoteWebDriver.<init>(RemoteWebDriver.java:156)
	at io.appium.java_client.AppiumDriver.<init>(AppiumDriver.java:107)
	at io.appium.java_client.ios.IOSDriver.<init>(IOSDriver.java:23)
	at AppiumiOS.Testabc.setUp(Testabc.java:31)
	at sun.reflect.NativeMethodAccessorImpl.invoke0(Native Method)
	at sun.reflect.NativeMethodAccessorImpl.invoke(NativeMethodAccessorImpl.java:62)
	at sun.reflect.DelegatingMethodAccessorImpl.invoke(DelegatingMethodAccessorImpl.java:43)
	at java.lang.reflect.Method.invoke(Method.java:497)
	at org.testng.internal.MethodInvocationHelper.invokeMethod(MethodInvocationHelper.java:85)
	at org.testng.internal.Invoker.invokeConfigurationMethod(Invoker.java:510)
	at org.testng.internal.Invoker.invokeConfigurations(Invoker.java:211)
	at org.testng.internal.Invoker.invokeMethod(Invoker.java:585)
	at org.testng.internal.Invoker.invokeTestMethod(Invoker.java:821)
	at org.testng.internal.Invoker.invokeTestMethods(Invoker.java:1131)
	at org.testng.internal.TestMethodWorker.invokeTestMethods(TestMethodWorker.java:124)
	at org.testng.internal.TestMethodWorker.run(TestMethodWorker.java:108)
	at org.testng.TestRunner.privateRun(TestRunner.java:773)
	at org.testng.TestRunner.run(TestRunner.java:623)
	at org.testng.SuiteRunner.runTest(SuiteRunner.java:357)
	at org.testng.SuiteRunner.runSequentially(SuiteRunner.java:352)
	at org.testng.SuiteRunner.privateRun(SuiteRunner.java:310)
	at org.testng.SuiteRunner.run(SuiteRunner.java:259)
	at org.testng.SuiteRunnerWorker.runSuite(SuiteRunnerWorker.java:52)
	at org.testng.SuiteRunnerWorker.run(SuiteRunnerWorker.java:86)
	at org.testng.TestNG.runSuitesSequentially(TestNG.java:1185)
	at org.testng.TestNG.runSuitesLocally(TestNG.java:1110)
	at org.testng.TestNG.run(TestNG.java:1018)
	at org.testng.remote.RemoteTestNG.run(RemoteTestNG.java:111)
	at org.testng.remote.RemoteTestNG.initAndRun(RemoteTestNG.java:204)
	at org.testng.remote.RemoteTestNG.main(RemoteTestNG.java:175)
]]>
		</error>
	</testcase> <!-- testiOS -->
</testsuite> <!-- AppiumiOS.Testabc -->
