<?xml version="1.0" encoding="UTF-8"?>
<!-- Generated by org.testng.reporters.JUnitReportReporter -->
<testsuite hostname="V7V-SEM-AIR.local" name="customerPage.Customer"
	tests="10" failures="0" timestamp="6 Jan 2016 05:47:25 GMT" time="141.443"
	errors="1">
	<testcase name="BookCustomer" time="11.889" classname="customerPage.Customer" />
	<testcase name="DeleteCusotmer" time="9.246" classname="customerPage.Customer" />
	<testcase name="ExportCustomer" time="13.754" classname="customerPage.Customer" />
	<testcase name="CustomerInput" time="0.000" classname="customerPage.Customer">
		<error type="org.testng.TestNGException"
			message="
Method CustomerInput requires 1 parameters but 0 were supplied in the @Test annotation.">
      <![CDATA[org.testng.TestNGException: 
Method CustomerInput requires 1 parameters but 0 were supplied in the @Test annotation.
	at org.testng.internal.Parameters.checkParameterTypes(Parameters.java:191)
	at org.testng.internal.Parameters.createParameters(Parameters.java:127)
	at org.testng.internal.Parameters.createParameters(Parameters.java:376)
	at org.testng.internal.Parameters.handleParameters(Parameters.java:451)
	at org.testng.internal.Invoker.handleParameters(Invoker.java:1276)
	at org.testng.internal.Invoker.createParameters(Invoker.java:992)
	at org.testng.internal.Invoker.invokeTestMethods(Invoker.java:1082)
	at org.testng.internal.TestMethodWorker.invokeTestMethods(TestMethodWorker.java:124)
	at org.testng.internal.TestMethodWorker.run(TestMethodWorker.java:108)
	at org.testng.TestRunner.privateRun(TestRunner.java:773)
	at org.testng.TestRunner.run(TestRunner.java:623)
	at org.testng.SuiteRunner.runTest(SuiteRunner.java:357)
	at org.testng.SuiteRunner.runSequentially(SuiteRunner.java:352)
	at org.testng.SuiteRunner.privateRun(SuiteRunner.java:310)
	at org.testng.SuiteRunner.run(SuiteRunner.java:259)
	at org.testng.SuiteRunnerWorker.runSuite(SuiteRunnerWorker.java:52)
	at org.testng.SuiteRunnerWorker.run(SuiteRunnerWorker.java:86)
	at org.testng.TestNG.runSuitesSequentially(TestNG.java:1185)
	at org.testng.TestNG.runSuitesLocally(TestNG.java:1110)
	at org.testng.TestNG.run(TestNG.java:1018)
	at org.testng.remote.RemoteTestNG.run(RemoteTestNG.java:111)
	at org.testng.remote.RemoteTestNG.initAndRun(RemoteTestNG.java:204)
	at org.testng.remote.RemoteTestNG.main(RemoteTestNG.java:175)
]]>
		</error>
	</testcase> <!-- CustomerInput -->
	<testcase name="Deletecustomer_Many" time="18.861"
		classname="customerPage.Customer" />
	<testcase name="CreateCustomer" time="6.786" classname="customerPage.Customer" />
	<testcase name="ImportCustomer" time="24.917" classname="customerPage.Customer" />
	<testcase name="mergecustomers" time="26.855" classname="customerPage.Customer" />
	<testcase name="ConnectMailChimp" time="28.723" classname="customerPage.Customer" />
	<testcase name="CustomerTab" time="0.412" classname="customerPage.Customer" />
</testsuite> <!-- customerPage.Customer -->
